<?xml version="1.0" encoding="UTF-8"?>
<!-- Generated by org.testng.reporters.JUnitReportReporter -->
<testsuite hostname="DINANDAK-LAP" failures="0" tests="10" name="com.crm.qa.tests.ContactListPageTest" time="749.305" errors="0" timestamp="14 Feb 2018 10:10:48 GMT">
  <testcase classname="com.crm.qa.tests.ContactListPageTest" name="createreordTest" time="73.964"/>
  <testcase classname="com.crm.qa.tests.ContactListPageTest" name="createreordTest" time="75.893"/>
  <testcase classname="com.crm.qa.tests.ContactListPageTest" name="createreordTest" time="74.705"/>
  <testcase classname="com.crm.qa.tests.ContactListPageTest" name="createreordTest" time="74.189"/>
  <testcase classname="com.crm.qa.tests.ContactListPageTest" name="createreordTest" time="74.879"/>
  <testcase classname="com.crm.qa.tests.ContactListPageTest" name="createreordTest" time="73.884"/>
  <testcase classname="com.crm.qa.tests.ContactListPageTest" name="createreordTest" time="74.581"/>
  <testcase classname="com.crm.qa.tests.ContactListPageTest" name="createreordTest" time="78.614"/>
  <testcase classname="com.crm.qa.tests.ContactListPageTest" name="createreordTest" time="74.094"/>
  <testcase classname="com.crm.qa.tests.ContactListPageTest" name="createreordTest" time="74.502"/>
</testsuite> <!-- com.crm.qa.tests.ContactListPageTest -->
