<?xml version="1.0" encoding="UTF-8"?>
<!-- Generated by org.testng.reporters.JUnitReportReporter -->
<testsuite hostname="DINANDAK-LAP" failures="0" tests="3" name="com.crm.qa.tests.HomePageTest" time="91.839" errors="0" timestamp="15 Feb 2018 06:04:10 GMT">
  <testcase classname="com.crm.qa.tests.HomePageTest" name="logoutTest" time="31.685"/>
  <testcase classname="com.crm.qa.tests.HomePageTest" name="HomepagetitleTest" time="28.999"/>
  <testcase classname="com.crm.qa.tests.HomePageTest" name="ContactslinkTest" time="31.155"/>
</testsuite> <!-- com.crm.qa.tests.HomePageTest -->
